<?xml version="1.0" encoding="UTF-8"?>
<!-- Generated by org.testng.reporters.JUnitReportReporter -->
<testsuite hostname="Nazars-MacBook-Pro.local" failures="0" tests="2" name="Gokomodo.FE.MobileWeb.LoginManager.Buyer.tests.MobileWebLoginBuyer" time="0.000" errors="0" timestamp="2022-11-14T13:51:29 WIB" skipped="2">
  <testcase classname="Gokomodo.FE.MobileWeb.LoginManager.Buyer.tests.MobileWebLoginBuyer" name="validUserName" time="0.000">
    <skipped/>
  </testcase> <!-- validUserName -->
  <system-out>
    <![CDATA[About to begin executing following method : MobileWebLoginBuyer.validUserName
Completed executing following method : MobileWebLoginBuyer.validUserName

SKIPPED TEST: Gokomodo.FE.MobileWeb.LoginManager.Buyer.tests.MobileWebLoginBuyer.validUserName

About to begin executing following method : MobileWebBuyerBaseMethod.afterClass
Completed executing following method : MobileWebBuyerBaseMethod.afterClass
About to begin executing following method : MobileWebSellerBaseMethod.beforeClass
Completed executing following method : MobileWebSellerBaseMethod.beforeClass

STARTED TESTING: Gokomodo.FE.MobileWeb.LoginManager.Seller.tests.MobileWebLoginSeller.validUserName
]]>
  </system-out>
  <testcase classname="Gokomodo.FE.MobileWeb.LoginManager.Buyer.tests.MobileWebLoginBuyer" name="validUserName" time="0.000">
    <skipped/>
  </testcase> <!-- validUserName -->
  <system-out>
    <![CDATA[About to begin executing following method : MobileWebLoginBuyer.validUserName
Completed executing following method : MobileWebLoginBuyer.validUserName

SKIPPED TEST: Gokomodo.FE.MobileWeb.LoginManager.Buyer.tests.MobileWebLoginBuyer.validUserName

About to begin executing following method : MobileWebBuyerBaseMethod.afterClass
Completed executing following method : MobileWebBuyerBaseMethod.afterClass
About to begin executing following method : MobileWebSellerBaseMethod.beforeClass
Completed executing following method : MobileWebSellerBaseMethod.beforeClass

STARTED TESTING: Gokomodo.FE.MobileWeb.LoginManager.Seller.tests.MobileWebLoginSeller.validUserName
]]>
  </system-out>
</testsuite> <!-- Gokomodo.FE.MobileWeb.LoginManager.Buyer.tests.MobileWebLoginBuyer -->
