<?xml version="1.0" encoding="UTF-8"?>
<!-- Generated by org.testng.reporters.JUnitReportReporter -->
<testsuite hostname="Nazars-MacBook-Pro.local" failures="0" tests="1" name="Gokomodo.FE.Web.Buyer.tests.ForgotPassword" time="7.485" errors="0" timestamp="2022-11-14T13:51:29 WIB" skipped="0">
  <testcase classname="Gokomodo.FE.Web.Buyer.tests.ForgotPassword" name="TestForgetPassbuyer" time="7.485"/>
  <system-out>
    <![CDATA[
STARTED TESTING: Gokomodo.FE.Web.Buyer.tests.ForgotPassword.TestForgetPassbuyer

About to begin executing following method : ForgotPassword.TestForgetPassbuyer
Completed executing following method : ForgotPassword.TestForgetPassbuyer

SUCCESSFULLY EXECUTED TEST: Gokomodo.FE.Web.Buyer.tests.ForgotPassword.TestForgetPassbuyer



About to begin executing following method : BuyerWebDriverFactory.afterMethod]]>
  </system-out>
</testsuite> <!-- Gokomodo.FE.Web.Buyer.tests.ForgotPassword -->
