<?xml version="1.0" encoding="UTF-8"?>
<!-- Generated by org.testng.reporters.JUnitReportReporter -->
<testsuite hostname="Nazars-MacBook-Pro.local" failures="0" tests="3" name="Gokomodo.FE.Web.LoginManager.Buyer.tests.LoginBuyer" time="21.368" errors="0" timestamp="2022-11-14T13:51:29 WIB" skipped="0">
  <testcase classname="Gokomodo.FE.Web.LoginManager.Buyer.tests.LoginBuyer" name="Testloginbuyer2" time="6.960"/>
  <system-out>
    <![CDATA[
STARTED TESTING: Gokomodo.FE.Web.LoginManager.Buyer.tests.LoginBuyer.Testloginbuyer2

About to begin executing following method : LoginBuyer.Testloginbuyer2
Completed executing following method : LoginBuyer.Testloginbuyer2

SUCCESSFULLY EXECUTED TEST: Gokomodo.FE.Web.LoginManager.Buyer.tests.LoginBuyer.Testloginbuyer2



About to begin executing following method : BuyerWebDriverFactory.afterMethod]]>
  </system-out>
  <testcase classname="Gokomodo.FE.Web.LoginManager.Buyer.tests.LoginBuyer" name="Testloginbuyer1" time="7.193"/>
  <system-out>
    <![CDATA[
STARTED TESTING: Gokomodo.FE.Web.LoginManager.Buyer.tests.LoginBuyer.Testloginbuyer1

About to begin executing following method : LoginBuyer.Testloginbuyer1
Completed executing following method : LoginBuyer.Testloginbuyer1

SUCCESSFULLY EXECUTED TEST: Gokomodo.FE.Web.LoginManager.Buyer.tests.LoginBuyer.Testloginbuyer1



About to begin executing following method : BuyerWebDriverFactory.afterMethod]]>
  </system-out>
  <testcase classname="Gokomodo.FE.Web.LoginManager.Buyer.tests.LoginBuyer" name="Testloginbuyer" time="7.215"/>
  <system-out>
    <![CDATA[
STARTED TESTING: Gokomodo.FE.Web.LoginManager.Buyer.tests.LoginBuyer.Testloginbuyer

About to begin executing following method : LoginBuyer.Testloginbuyer
Completed executing following method : LoginBuyer.Testloginbuyer

SUCCESSFULLY EXECUTED TEST: Gokomodo.FE.Web.LoginManager.Buyer.tests.LoginBuyer.Testloginbuyer



About to begin executing following method : BuyerWebDriverFactory.afterMethod]]>
  </system-out>
</testsuite> <!-- Gokomodo.FE.Web.LoginManager.Buyer.tests.LoginBuyer -->
