<?xml version="1.0" encoding="UTF-8"?>
<!-- Generated by org.testng.reporters.JUnitReportReporter -->
<testsuite hostname="Nazars-MacBook-Pro.local" failures="0" tests="2" name="Gokomodo.FE.Web.LoginManager.Seller.tests.LoginSeller" time="16.833" errors="0" timestamp="2022-11-14T13:51:29 WIB" skipped="0">
  <testcase classname="Gokomodo.FE.Web.LoginManager.Seller.tests.LoginSeller" name="TestloginSeller" time="9.662"/>
  <system-out>
    <![CDATA[
STARTED TESTING: Gokomodo.FE.Web.LoginManager.Seller.tests.LoginSeller.TestloginSeller

About to begin executing following method : LoginSeller.TestloginSeller
Completed executing following method : LoginSeller.TestloginSeller

SUCCESSFULLY EXECUTED TEST: Gokomodo.FE.Web.LoginManager.Seller.tests.LoginSeller.TestloginSeller



About to begin executing following method : WebDriverFactory.afterMethod]]>
  </system-out>
  <testcase classname="Gokomodo.FE.Web.LoginManager.Seller.tests.LoginSeller" name="TestloginSeller2" time="7.171"/>
  <system-out>
    <![CDATA[
STARTED TESTING: Gokomodo.FE.Web.LoginManager.Seller.tests.LoginSeller.TestloginSeller2

About to begin executing following method : LoginSeller.TestloginSeller2
Completed executing following method : LoginSeller.TestloginSeller2

SUCCESSFULLY EXECUTED TEST: Gokomodo.FE.Web.LoginManager.Seller.tests.LoginSeller.TestloginSeller2



About to begin executing following method : WebDriverFactory.afterMethod]]>
  </system-out>
</testsuite> <!-- Gokomodo.FE.Web.LoginManager.Seller.tests.LoginSeller -->
