<?xml version="1.0" encoding="UTF-8"?>
<!-- Generated by org.testng.reporters.JUnitReportReporter -->
<testsuite hostname="Nazars-MacBook-Pro.local" failures="0" tests="2" name="Gokomodo.FE.MobileWeb.LoginManager.Seller.tests.MobileWebLoginSeller" time="0.000" errors="0" timestamp="2022-11-14T13:51:29 WIB" skipped="2">
  <testcase classname="Gokomodo.FE.MobileWeb.LoginManager.Seller.tests.MobileWebLoginSeller" name="validUserName" time="0.000">
    <skipped/>
  </testcase> <!-- validUserName -->
  <system-out>
    <![CDATA[About to begin executing following method : MobileWebLoginSeller.validUserName
Completed executing following method : MobileWebLoginSeller.validUserName

SKIPPED TEST: Gokomodo.FE.MobileWeb.LoginManager.Seller.tests.MobileWebLoginSeller.validUserName

About to begin executing following method : MobileWebSellerBaseMethod.afterClass
Completed executing following method : MobileWebSellerBaseMethod.afterClass
Completed executing test Mobile Android
About to begin executing Test Mobile iPhone
About to begin executing following method : MobileWebAdminBaseMethod.beforeClass
Completed executing following method : MobileWebAdminBaseMethod.beforeClass

STARTED TESTING: Gokomodo.FE.MobileWeb.LoginManager.Admin.tests.MobileWebLoginAdmin.mobileWebAdminLogin
]]>
  </system-out>
  <testcase classname="Gokomodo.FE.MobileWeb.LoginManager.Seller.tests.MobileWebLoginSeller" name="validUserName" time="0.000">
    <skipped/>
  </testcase> <!-- validUserName -->
  <system-out>
    <![CDATA[About to begin executing following method : MobileWebLoginSeller.validUserName
Completed executing following method : MobileWebLoginSeller.validUserName

SKIPPED TEST: Gokomodo.FE.MobileWeb.LoginManager.Seller.tests.MobileWebLoginSeller.validUserName

About to begin executing following method : MobileWebSellerBaseMethod.afterClass
Completed executing following method : MobileWebSellerBaseMethod.afterClass
Completed executing test Mobile iPhone]]>
  </system-out>
</testsuite> <!-- Gokomodo.FE.MobileWeb.LoginManager.Seller.tests.MobileWebLoginSeller -->
