<?xml version="1.0" encoding="UTF-8"?>
<!-- Generated by org.testng.reporters.JUnitReportReporter -->
<testsuite hostname="Nazars-MacBook-Pro.local" failures="0" tests="2" name="Gokomodo.FE.Web.LoginManager.Admin.tests.LoginAdmin" time="13.668" errors="0" timestamp="2022-11-14T13:51:29 WIB" skipped="0">
  <testcase classname="Gokomodo.FE.Web.LoginManager.Admin.tests.LoginAdmin" name="TestloginAdmin" time="6.875"/>
  <system-out>
    <![CDATA[
STARTED TESTING: Gokomodo.FE.Web.LoginManager.Admin.tests.LoginAdmin.TestloginAdmin

About to begin executing following method : LoginAdmin.TestloginAdmin
Completed executing following method : LoginAdmin.TestloginAdmin

SUCCESSFULLY EXECUTED TEST: Gokomodo.FE.Web.LoginManager.Admin.tests.LoginAdmin.TestloginAdmin



About to begin executing following method : AdminWebDriverFactory.afterMethod]]>
  </system-out>
  <testcase classname="Gokomodo.FE.Web.LoginManager.Admin.tests.LoginAdmin" name="TestloginAdmin2" time="6.793"/>
  <system-out>
    <![CDATA[
STARTED TESTING: Gokomodo.FE.Web.LoginManager.Admin.tests.LoginAdmin.TestloginAdmin2

About to begin executing following method : LoginAdmin.TestloginAdmin2
Completed executing following method : LoginAdmin.TestloginAdmin2

SUCCESSFULLY EXECUTED TEST: Gokomodo.FE.Web.LoginManager.Admin.tests.LoginAdmin.TestloginAdmin2



About to begin executing following method : AdminWebDriverFactory.afterMethod]]>
  </system-out>
</testsuite> <!-- Gokomodo.FE.Web.LoginManager.Admin.tests.LoginAdmin -->
