<?xml version="1.0" encoding="UTF-8"?>
<!-- Generated by org.testng.reporters.JUnitReportReporter -->
<testsuite hostname="Nazars-MacBook-Pro.local" failures="0" tests="2" name="Gokomodo.FE.Mobile.LoginManager.Seller.tests.MobileLoginSeller" time="0.000" errors="0" timestamp="2022-11-14T13:51:29 WIB" skipped="2">
  <testcase classname="Gokomodo.FE.Mobile.LoginManager.Seller.tests.MobileLoginSeller" name="mobileSellerLogin" time="0.000">
    <skipped/>
  </testcase> <!-- mobileSellerLogin -->
  <system-out>
    <![CDATA[About to begin executing following method : MobileLoginSeller.mobileSellerLogin
Completed executing following method : MobileLoginSeller.mobileSellerLogin

SKIPPED TEST: Gokomodo.FE.Mobile.LoginManager.Seller.tests.MobileLoginSeller.mobileSellerLogin

About to begin executing following method : MobileSellerBaseMethod.afterClass
Completed executing following method : MobileSellerBaseMethod.afterClass
Completed executing test Mobile iPhone]]>
  </system-out>
  <testcase classname="Gokomodo.FE.Mobile.LoginManager.Seller.tests.MobileLoginSeller" name="mobileSellerLogin" time="0.000">
    <skipped/>
  </testcase> <!-- mobileSellerLogin -->
  <system-out>
    <![CDATA[About to begin executing following method : MobileLoginSeller.mobileSellerLogin
Completed executing following method : MobileLoginSeller.mobileSellerLogin

SKIPPED TEST: Gokomodo.FE.Mobile.LoginManager.Seller.tests.MobileLoginSeller.mobileSellerLogin

About to begin executing following method : MobileSellerBaseMethod.afterClass
Completed executing following method : MobileSellerBaseMethod.afterClass
Completed executing test Mobile Android
About to begin executing Test Mobile iPhone
About to begin executing following method : MobileBuyerBaseMethod.beforeClass
Completed executing following method : MobileBuyerBaseMethod.beforeClass

STARTED TESTING: Gokomodo.FE.Mobile.LoginManager.Buyer.tests.MobileLoginBuyer.mobileBuyerLogin
]]>
  </system-out>
</testsuite> <!-- Gokomodo.FE.Mobile.LoginManager.Seller.tests.MobileLoginSeller -->
